<?xml version="1.0" encoding="UTF-8"?>
<!-- Generated by org.testng.reporters.JUnitReportReporter -->
<testsuite skipped="0" hostname="MSI" name="test.TestQ1" tests="1" failures="0" timestamp="08 Jul 2022 17:49:28 GMT" time="0.426" errors="0">
  <testcase name="validateCategoryAddAndDisplay" time="0.426" classname="test.TestQ1"/>
</testsuite> <!-- test.TestQ1 -->
