<?xml version="1.0" encoding="UTF-8"?>
<!-- Generated by org.testng.reporters.JUnitReportReporter -->
<testsuite skipped="0" hostname="MSI" name="test.TestQ2" tests="2" failures="0" timestamp="2022-07-09T01:39:47 GMT-05:00" time="3.127" errors="0">
  <testcase name="validateCategoryAddAndDisplay" time="0.368" classname="test.TestQ2"/>
  <system-out/>
  <testcase name="validateUserCannotAddDuplicatesAndDisplayAMessage" time="2.759" classname="test.TestQ2"/>
  <system-out/>
</testsuite> <!-- test.TestQ2 -->
