<?xml version="1.0" encoding="UTF-8"?>
<!-- Generated by org.testng.reporters.JUnitReportReporter -->
<testsuite skipped="0" hostname="MSI" name="test.TestQ3" tests="1" failures="0" timestamp="2022-07-09T02:59:02 GMT-05:00" time="0.243" errors="0">
  <testcase name="validateMonthDropDownHasAllMonths" time="0.243" classname="test.TestQ3"/>
  <system-out/>
</testsuite> <!-- test.TestQ3 -->
